<?xml version="1.0" encoding="UTF-8"?>
<!-- Generated by org.testng.reporters.JUnitXMLReporter -->
<testsuite ignored="6" hostname="Maysoons-MacBook-Pro.local" failures="0" tests="1" name="Default test" time="216.212" errors="0" timestamp="07 May 2023 21:47:21 GMT">
  <testcase classname="Tests.SubscriptionTests" name="ValidateClassicPackagesPricesPerCountry" time="191.396"/>
  <testcase classname="Tests.SubscriptionTests" name="ValidatePremiumPackagesPricesPerCountry" time="0.0">
    <ignored/>
  </testcase> <!-- ValidatePremiumPackagesPricesPerCountry -->
  <testcase classname="Tests.SubscriptionTests" name="ValidateMainTrailCurrencyPerCountry" time="0.0">
    <ignored/>
  </testcase> <!-- ValidateMainTrailCurrencyPerCountry -->
  <testcase classname="Tests.SubscriptionTests" name="ValidateLitePackagesPricesPerCountry" time="0.0">
    <ignored/>
  </testcase> <!-- ValidateLitePackagesPricesPerCountry -->
  <testcase classname="Tests.SubscriptionTests" name="ValidatePackagesTypesinCountries" time="0.0">
    <ignored/>
  </testcase> <!-- ValidatePackagesTypesinCountries -->
  <testcase classname="Tests.SubscriptionTests" name="ValidateDefaultCountry" time="0.0">
    <ignored/>
  </testcase> <!-- ValidateDefaultCountry -->
  <testcase classname="Tests.SubscriptionTests" name="ValidatePackagesCurrencies" time="0.0">
    <ignored/>
  </testcase> <!-- ValidatePackagesCurrencies -->
</testsuite> <!-- Default test -->
