<?xml version="1.0" encoding="UTF-8"?>
<testng-results ignored="6" total="7" passed="1" failed="0" skipped="0">
  <reporter-output>
  </reporter-output>
  <suite started-at="2023-05-07T21:43:45Z" name="Default suite" finished-at="2023-05-07T21:47:21Z" duration-ms="216212">
    <groups>
    </groups>
    <test started-at="2023-05-07T21:43:45Z" name="Default test" finished-at="2023-05-07T21:47:21Z" duration-ms="216212">
      <class name="Tests.SubscriptionTests">
        <test-method is-config="true" signature="setup()[pri:0, instance:Tests.SubscriptionTests@3148f668]" started-at="2023-05-07T23:43:45Z" name="setup" finished-at="2023-05-07T23:44:10Z" duration-ms="24708" status="PASS">
          <reporter-output>
          </reporter-output>
        </test-method> <!-- setup -->
        <test-method signature="ValidateClassicPackagesPricesPerCountry()[pri:0, instance:Tests.SubscriptionTests@3148f668]" started-at="2023-05-07T23:44:10Z" name="ValidateClassicPackagesPricesPerCountry" finished-at="2023-05-07T23:47:21Z" duration-ms="191396" status="PASS">
          <reporter-output>
          </reporter-output>
        </test-method> <!-- ValidateClassicPackagesPricesPerCountry -->
        <test-method is-config="true" signature="tearDown()[pri:0, instance:Tests.SubscriptionTests@3148f668]" started-at="2023-05-07T23:47:21Z" name="tearDown" finished-at="2023-05-07T23:47:21Z" duration-ms="84" status="PASS">
          <reporter-output>
          </reporter-output>
        </test-method> <!-- tearDown -->
      </class> <!-- Tests.SubscriptionTests -->
    </test> <!-- Default test -->
  </suite> <!-- Default suite -->
</testng-results>
